TN:
SF:C:\Users\Avrey\Desktop\codefellows\401\lab-02\classes\vehicle-constructor.js
FN:3,(anonymous_0)
FN:8,(anonymous_1)
FN:12,(anonymous_2)
FN:17,(anonymous_3)
FN:23,(anonymous_4)
FN:29,(anonymous_5)
FNF:6
FNH:6
FNDA:4,(anonymous_0)
FNDA:2,(anonymous_1)
FNDA:2,(anonymous_2)
FNDA:1,(anonymous_3)
FNDA:1,(anonymous_4)
FNDA:1,(anonymous_5)
DA:3,1
DA:4,4
DA:5,4
DA:8,1
DA:9,2
DA:12,1
DA:13,2
DA:17,1
DA:18,1
DA:21,1
DA:23,1
DA:24,1
DA:27,1
DA:29,1
DA:30,1
DA:33,1
LF:16
LH:16
BRF:0
BRH:0
end_of_record
TN:
SF:C:\Users\Avrey\Desktop\codefellows\401\lab-02\list\lib\list.js
FN:4,(anonymous_0)
FN:9,(anonymous_1)
FN:10,(anonymous_2)
FN:19,(anonymous_3)
FN:26,(anonymous_4)
FN:34,(anonymous_5)
FN:42,(anonymous_6)
FN:48,(anonymous_7)
FN:56,(anonymous_8)
FN:65,(anonymous_9)
FN:76,(anonymous_10)
FNF:11
FNH:11
FNDA:20,(anonymous_0)
FNDA:4,(anonymous_1)
FNDA:12,(anonymous_2)
FNDA:45,(anonymous_3)
FNDA:3,(anonymous_4)
FNDA:2,(anonymous_5)
FNDA:2,(anonymous_6)
FNDA:2,(anonymous_7)
FNDA:2,(anonymous_8)
FNDA:2,(anonymous_9)
FNDA:2,(anonymous_10)
DA:5,20
DA:6,20
DA:10,4
DA:11,12
DA:12,12
DA:15,4
DA:16,4
DA:20,45
DA:21,44
DA:23,45
DA:27,3
DA:28,2
DA:29,2
DA:30,2
DA:31,2
DA:35,2
DA:36,2
DA:37,2
DA:38,2
DA:39,2
DA:43,2
DA:44,2
DA:45,2
DA:49,2
DA:50,1
DA:51,3
DA:57,2
DA:58,1
DA:59,1
DA:60,3
DA:62,1
DA:66,2
DA:67,1
DA:68,1
DA:69,3
DA:70,1
DA:73,1
DA:77,2
DA:78,1
DA:79,3
DA:81,1
DA:86,1
LF:42
LH:42
BRDA:20,0,0,44
BRDA:20,0,1,1
BRDA:27,1,0,1
BRDA:27,1,1,2
BRDA:35,2,0,0
BRDA:35,2,1,2
BRDA:49,3,0,1
BRDA:49,3,1,1
BRDA:57,4,0,1
BRDA:57,4,1,1
BRDA:66,5,0,1
BRDA:66,5,1,1
BRDA:69,6,0,1
BRDA:69,6,1,2
BRDA:77,7,0,1
BRDA:77,7,1,1
BRF:16
BRH:15
end_of_record
